<?xml version="1.0" encoding="UTF-8"?>
<testng-results ignored="0" total="2" passed="2" failed="0" skipped="0">
  <reporter-output>
  </reporter-output>
  <suite started-at="2022-06-07T22:32:15 CDT" name="Default suite" finished-at="2022-06-07T22:32:36 CDT" duration-ms="21030">
    <groups>
    </groups>
    <test started-at="2022-06-07T22:32:15 CDT" name="Default test" finished-at="2022-06-07T22:32:36 CDT" duration-ms="21030">
      <class name="testSuites.ts_01HeroAdd">
        <test-method is-config="true" signature="beforeMethod()[pri:0, instance:testSuites.ts_01HeroAdd@576d5deb]" started-at="2022-06-07T22:32:15 CDT" name="beforeMethod" finished-at="2022-06-07T22:32:19 CDT" duration-ms="3904" status="PASS">
          <reporter-output>
          </reporter-output>
        </test-method> <!-- beforeMethod -->
        <test-method signature="tc_001()[pri:0, instance:testSuites.ts_01HeroAdd@576d5deb]" started-at="2022-06-07T22:32:19 CDT" name="tc_001" finished-at="2022-06-07T22:32:19 CDT" duration-ms="99" status="PASS">
          <reporter-output>
          </reporter-output>
        </test-method> <!-- tc_001 -->
        <test-method is-config="true" signature="beforeMethod()[pri:0, instance:testSuites.ts_01HeroAdd@576d5deb]" started-at="2022-06-07T22:32:19 CDT" name="beforeMethod" finished-at="2022-06-07T22:32:22 CDT" duration-ms="2794" status="PASS">
          <reporter-output>
          </reporter-output>
        </test-method> <!-- beforeMethod -->
        <test-method signature="tc_002()[pri:0, instance:testSuites.ts_01HeroAdd@576d5deb]" started-at="2022-06-07T22:32:22 CDT" name="tc_002" finished-at="2022-06-07T22:32:36 CDT" duration-ms="14205" status="PASS">
          <reporter-output>
          </reporter-output>
        </test-method> <!-- tc_002 -->
        <test-method is-config="true" signature="AfterSuite()[pri:0, instance:testSuites.ts_01HeroAdd@576d5deb]" started-at="2022-06-07T22:32:36 CDT" name="AfterSuite" finished-at="2022-06-07T22:32:36 CDT" duration-ms="211" status="PASS">
          <reporter-output>
          </reporter-output>
        </test-method> <!-- AfterSuite -->
      </class> <!-- testSuites.ts_01HeroAdd -->
    </test> <!-- Default test -->
  </suite> <!-- Default suite -->
</testng-results>
